<?xml version="1.0" encoding="UTF-8"?>
<!-- Generated by org.testng.reporters.JUnitReportReporter -->
<testsuite skipped="0" hostname="LAPTOP-52R9CGVK" name="com.testcase.Login" tests="1" failures="0" timestamp="24 Oct 2019 12:21:23 GMT" time="9.606" errors="0">
  <testcase name="startapllication" time="9.606" classname="com.testcase.Login"/>
</testsuite> <!-- com.testcase.Login -->
